<?xml version="1.0" encoding="UTF-8"?>
<!-- Generated by org.testng.reporters.JUnitReportReporter -->
<testsuite hostname="AKLAASP13" failures="0" tests="1" name="test.TestNG" time="6.385" errors="0" timestamp="2022-03-21T02:22:29 NZDT" skipped="0">
  <testcase classname="test.TestNG" name="GoogleSearch" time="6.385"/>
  <system-out/>
</testsuite> <!-- test.TestNG -->
